    1  sudo yum -y groupinstall "development tools"
    2  sudo yum -y install epel-release wget
    3  sudo wget http://rpms.famillecollet.com/enterprise/remi-release-7.rpm
    4  sudo rpm -Uvh remi-release-7.rpm
    5  sudo yum -y install --enablerepo=remi-php72 php php-pdo php-mysqlnd php-mbstring php-xml php-fpm php-common php-devel php-mysql unzip
    6  php -v
    7  php -r "copy('https://getcomposer.org/installer', 'composer-setup.php');"
    8  php composer-setup.php
    9  php -r "unlink('composer-setup.php');"
   10  sudo mv composer.phar /usr/local/bin/composer
   11  composer -v
   12  ls
   13  ls /
   14  pwd
   15  cd /vagrant
   16  cd vagrant
   17  mkdir vagrant
   18  ls 
   19  cd vagrant
   20  pwd
   21  cd ..
   22  pwd
   23  cd /vagrant
   24  rm -r vagrant
   25  ls
   26  pwd
   27  ls /usr
   28  cd /
   29  pwd
   30  ls /usr
   31  cd /vagrant
   32  ls
   33  cd home
   34  ls
   35  cd /vagrant
   36  pwd
   37  cd vagrant
   38  ls
   39  cd /usr
   40  ls
   41  cd /vagrant
   42  ls
   43  cd .
   44  cd ..
   45  ls
   46  cd /home
   47  cd /vagrant
   48  pwd
   49  cd vagrant
   50  pwd
   51   mkdir server_lesson && cd server_lesson
   52  ls
   53  git init
   54  touch first.txt
   55  mkdir server_lesson/linux_practice/public
   56  mkdir /server_lesson/linux_practice/public
   57  ls
   58  cd ..
   59  pwd
   60  ls
   61  cd server_lesson
   62  cd ..
   63  mkdir -p server_lesson/linux_practice/public
   64  ls
   65  cd server_leson
   66  cd server_lesson
   67  ls
   68  ls server_lesson server_lesson/linux_practice
   69  ls /linux_practice
   70  ls linux_practice
   71  cd ..
   72   touch server_lesson/linux_practice/public/index.php
   73  ls
   74  ls server_lesson/linux_practice/public
   75  ls
   76  cd server_lesson
   77  cd home/vagrant/server_lesson && ls
   78  cd ..
   79  cd /home/vagrant/server_lesson && ls
   80  cd /home/vagrant/server_lesson/linux_practice/public
   81  cp index.php index_bk.php
   82  ls
   83  cd /home/vagrant/server_lesson/linux_practice
   84  ls
   85  cp -r public tmp
   86  ls
   87  ls ./ public tmp
   88  cd ~
   89  mv server_lesson/linux_practice server_lesson/linux_practice1
   90  mkdir linux_practice2 linux_practice3
   91   mv ./linux_practice2 ./server_lesson
   92  cd /home//vagrant/server_lesson/linux_practice1/tmp/
   93  rm *_bk.php
   94  ls
   95  cd ~
   96   rm server_lesson/first.txt
   97  rm -r linux_practice3
   98  ls server_lesson
   99  cd server_lesson
  100  echo '# サーバレッスン' > README.md
  101  echo 'Linuxプラクティス' >> README.md
  102  echo '-----------------' >> README.md
  103  cat README.md
  104  vi README.md
  105  cd ~
  106  git status
  107  cd server_lesson
  108  git status
  109  git add .
  110  git status
  111  git commit -m "first commit"
  112  git remote add origin https://github.com/Hiroto-Murakami-1997/server_lesson.git
  113  git remote -v
  114  git push origin master
  115  ls
  116  ls linux _practice
  117  ls linux_practice2
  118  cd linux_practice2
  119  mkdir documents
  120  touch gizumo{01..50}.md
  121  ls
  122  rm gizumo{01..50}.md
  123  ls
  124  cd documents
  125  touch gozumo{01..50}.md
  126  ls
  127  cd ..
  128  mkdir trash
  129  cd dosuments
  130  mv gizumo{20..40}.md ../trash
  131  ls
  132  cd documets
  133  ls
  134  cd documents
  135  mv gizumo{20..40}.md ../trash
  136  ls
  137  cd ..
  138  ls
  139  cd trash
  140  ls
  141  cd ..
  142  cd documents
  143  ls
  144  mv cd ..
  145  cd documents
  146  ls
  147  rm gosumo{01.50}.md
  148  rm gozumo{01..50}.md
  149  ls
  150  touch gizumo{01..50}.md
  151  ls
  152  mv gizumo{20..40}.md ../trash
  153  ls
  154  cd ..
  155  cd trash
  156  ls
  157  cd ..
  158  pwd
  159  touch .gitignore
  160  ls -a
  161  vi .gitignore
  162  cd ~
  163  cd server_lesson
  164  history 300
  165  history 300 > exec_command.log
